<?xml version="1.0" encoding="utf-8"?><testsuites name="pytest tests"><testsuite name="pytest" errors="0" failures="3" skipped="0" tests="67" time="61.524" timestamp="2026-07-28T19:53:41.739283+00:00" hostname="agent-env-477961b8-93e3-4757-85c5-63f79051ca1b"><testcase classname="tests.backend_test" name="test_health" time="0.173" /><testcase classname="tests.backend_test" name="test_register_creates_user_and_cookies" time="0.418" /><testcase classname="tests.backend_test" name="test_register_duplicate_email_409" time="0.477" /><testcase classname="tests.backend_test" name="test_register_weak_password_422" time="0.114" /><testcase classname="tests.backend_test" name="test_login_seed_seller" time="0.327" /><testcase classname="tests.backend_test" name="test_login_wrong_password" time="0.326" /><testcase classname="tests.backend_test" name="test_brute_force_lockout" time="2.136" /><testcase classname="tests.backend_test" name="test_me_logout_refresh" time="0.564" /><testcase classname="tests.backend_test" name="test_search_returns_six_published" time="0.120" /><testcase classname="tests.backend_test" name="test_search_filter_by_category_footwear" time="0.111" /><testcase classname="tests.backend_test" name="test_search_sort_price_asc_desc" time="0.157" /><testcase classname="tests.backend_test" name="test_search_min_max_price" time="0.125" /><testcase classname="tests.backend_test" name="test_search_pagination" time="0.148" /><testcase classname="tests.backend_test" name="test_listing_detail_by_slug" time="0.254" /><testcase classname="tests.backend_test" name="test_listing_detail_unknown_404" time="0.140" /><testcase classname="tests.backend_test" name="test_incomplete_publish_returns_422" time="0.567" /><testcase classname="tests.backend_test" name="test_full_listing_lifecycle_and_ownership" time="1.396" /><testcase classname="tests.backend_test" name="test_taxonomy_categories" time="0.101" /><testcase classname="tests.backend_test" name="test_taxonomy_brands_meta" time="0.215" /><testcase classname="tests.test_offers" name="test_create_offer_success" time="0.926" /><testcase classname="tests.test_offers" name="test_create_offer_own_listing_422" time="0.606" /><testcase classname="tests.test_offers" name="test_create_offer_amount_must_be_positive" time="0.900" /><testcase classname="tests.test_offers" name="test_offers_disabled_returns_409" time="1.299" /><testcase classname="tests.test_offers" name="test_create_offer_unauthenticated_401" time="0.604" /><testcase classname="tests.test_offers" name="test_turn_model_counter_and_accept" time="1.218" /><testcase classname="tests.test_offers" name="test_acceptance_atomicity_blocks_other_offers" time="1.499" /><testcase classname="tests.test_offers" name="test_reject_then_cannot_accept" time="1.170" /><testcase classname="tests.test_offers" name="test_cancel_only_by_buyer" time="1.087" /><testcase classname="tests.test_offers" name="test_third_party_cannot_view_offer" time="1.212" /><testcase classname="tests.test_offers" name="test_offer_endpoints_require_auth" time="1.398" /><testcase classname="tests.test_offers" name="test_list_offers_by_box" time="1.170" /><testcase classname="tests.test_offers" name="test_list_offers_for_listing_owner_only" time="1.415" /><testcase classname="tests.test_orders.TestOrderDomain" name="test_state_machine_transitions_and_immutability" time="0.003" /><testcase classname="tests.test_orders.TestOrderDomain" name="test_cancel_only_from_awaiting_payment" time="0.000" /><testcase classname="tests.test_orders.TestOrderAutoCreation" name="test_order_auto_created_after_accept" time="1.536" /><testcase classname="tests.test_orders.TestOrderAutoCreation" name="test_listing_becomes_reserved_new_offer_409" time="2.673" /><testcase classname="tests.test_orders.TestOrderAutoCreation" name="test_one_order_per_offer_idempotent" time="3.242" /><testcase classname="tests.test_orders.TestOrderCancel" name="test_buyer_can_cancel_awaiting_payment" time="3.622" /><testcase classname="tests.test_orders.TestOrderCancel" name="test_seller_cannot_cancel_order" time="1.208" /><testcase classname="tests.test_orders.TestOrderCancel" name="test_cannot_cancel_twice" time="1.365" /><testcase classname="tests.test_orders.TestOrderAuthz" name="test_third_party_cannot_view_order" time="2.265" /><testcase classname="tests.test_orders.TestOrderAuthz" name="test_admin_can_view_order" time="2.212" /><testcase classname="tests.test_orders.TestOrderAuthz" name="test_order_endpoints_require_auth" time="0.317" /><testcase classname="tests.test_orders.TestOrderAuthz" name="test_no_public_post_to_create_order" time="0.401" /><testcase classname="tests.test_orders.TestAtomicOutbox" name="test_outbox_receives_events_and_pending_cleared" time="3.856" /><testcase classname="tests.test_orders.TestListingContractRefactor" name="test_seed_listing_detail_has_embedded_seller" time="0.253" /><testcase classname="tests.test_payments.TestPaymentDomain" name="test_valid_state_machine" time="0.001" /><testcase classname="tests.test_payments.TestPaymentDomain" name="test_invalid_transitions_raise" time="0.000" /><testcase classname="tests.test_payments.TestPaymentDomain" name="test_refund_only_from_auth_or_captured" time="0.000" /><testcase classname="tests.test_payments.TestPaymentDomain" name="test_schedule_release_noop_when_not_captured" time="0.000" /><testcase classname="tests.test_payments.TestPaymentDomain" name="test_is_release_due" time="0.000" /><testcase classname="tests.test_payments.TestProvider" name="test_liqpay_sign_and_verify_callback_roundtrip" time="0.034" /><testcase classname="tests.test_payments.TestProvider" name="test_liqpay_create_checkout_shape" time="0.000" /><testcase classname="tests.test_payments.TestProvider" name="test_sandbox_provider_auto_settle" time="0.002" /><testcase classname="tests.test_payments.TestProvider" name="test_build_provider_selects_sandbox_by_default" time="0.000" /><testcase classname="tests.test_payments.TestProvider" name="test_build_provider_liqpay_requires_keys" time="0.000" /><testcase classname="tests.test_payments.TestCheckoutAPI" name="test_checkout_captures_and_holds_escrow" time="1.693" /><testcase classname="tests.test_payments.TestCheckoutAPI" name="test_order_becomes_paid_via_event" time="1.766" /><testcase classname="tests.test_payments.TestCheckoutAPI" name="test_only_buyer_can_pay" time="1.605" /><testcase classname="tests.test_payments.TestCheckoutAPI" name="test_order_not_found" time="0.413" /><testcase classname="tests.test_payments.TestCheckoutAPI" name="test_idempotent_double_checkout" time="1.414" /><testcase classname="tests.test_payments.TestCheckoutAPI" name="test_pay_after_paid_returns_existing" time="2.923"><failure message="AssertionError: {&quot;error_code&quot;:&quot;ORDER_NOT_PAYABLE&quot;,&quot;detail&quot;:&quot;Order in Paid cannot be paid&quot;}&#10;assert 409 == 200&#10; +  where 409 = &lt;Response [409]&gt;.status_code">E   AssertionError: {"error_code":"ORDER_NOT_PAYABLE","detail":"Order in Paid cannot be paid"}
    assert 409 == 200
     +  where 409 = &lt;Response [409]&gt;.status_code</failure></testcase><testcase classname="tests.test_payments.TestEscrowService" name="test_schedule_release_and_release_due" time="1.136"><failure message="TypeError: can't compare offset-naive and offset-aware datetimes">E   TypeError: can't compare offset-naive and offset-aware datetimes</failure></testcase><testcase classname="tests.test_payments.TestEscrowService" name="test_sweeper_ignores_payments_without_release_at" time="1.878"><failure message="TypeError: can't compare offset-naive and offset-aware datetimes">E   TypeError: can't compare offset-naive and offset-aware datetimes</failure></testcase><testcase classname="tests.test_payments.TestEscrowService" name="test_refund_for_order_noop_without_captured_payment" time="0.723" /><testcase classname="tests.test_payments.TestEscrowService" name="test_refund_captured_payment" time="1.147" /><testcase classname="tests.test_payments.TestCancelChoreography" name="test_cancel_awaiting_payment_no_refund_needed" time="1.345" /></testsuite></testsuites>