<?xml version="1.0" encoding="utf-8"?><testsuites name="pytest tests"><testsuite name="pytest" errors="0" failures="1" skipped="0" tests="13" time="12.871" timestamp="2026-07-28T18:58:54.858668+00:00" hostname="agent-env-477961b8-93e3-4757-85c5-63f79051ca1b"><testcase classname="backend.tests.test_offers" name="test_create_offer_success" time="0.891" /><testcase classname="backend.tests.test_offers" name="test_create_offer_own_listing_422" time="0.652" /><testcase classname="backend.tests.test_offers" name="test_create_offer_amount_must_be_positive" time="0.522" /><testcase classname="backend.tests.test_offers" name="test_offers_disabled_returns_409" time="0.947" /><testcase classname="backend.tests.test_offers" name="test_create_offer_unauthenticated_401" time="0.305" /><testcase classname="backend.tests.test_offers" name="test_turn_model_counter_and_accept" time="1.333"><failure message="AssertionError: {&quot;error_code&quot;:&quot;OFFER_ALREADY_ACCEPTED&quot;,&quot;detail&quot;:&quot;Another offer for this listing has already been accepted&quot;}&#10;assert 409 == 200&#10; +  where 409 = &lt;Response [409]&gt;.status_code">backend/tests/test_offers.py:153: in test_turn_model_counter_and_accept
    assert ra.status_code == 200, ra.text
E   AssertionError: {"error_code":"OFFER_ALREADY_ACCEPTED","detail":"Another offer for this listing has already been accepted"}
E   assert 409 == 200
E    +  where 409 = &lt;Response [409]&gt;.status_code</failure></testcase><testcase classname="backend.tests.test_offers" name="test_acceptance_atomicity_blocks_other_offers" time="1.573" /><testcase classname="backend.tests.test_offers" name="test_reject_then_cannot_accept" time="1.093" /><testcase classname="backend.tests.test_offers" name="test_cancel_only_by_buyer" time="1.123" /><testcase classname="backend.tests.test_offers" name="test_third_party_cannot_view_offer" time="0.946" /><testcase classname="backend.tests.test_offers" name="test_offer_endpoints_require_auth" time="0.997" /><testcase classname="backend.tests.test_offers" name="test_list_offers_by_box" time="1.045" /><testcase classname="backend.tests.test_offers" name="test_list_offers_for_listing_owner_only" time="1.364" /></testsuite></testsuites>