<?xml version="1.0" encoding="utf-8"?><testsuites name="pytest tests"><testsuite name="pytest" errors="0" failures="0" skipped="0" tests="67" time="61.171" timestamp="2026-07-28T20:01:04.493411+00:00" hostname="agent-env-477961b8-93e3-4757-85c5-63f79051ca1b"><testcase classname="tests.backend_test" name="test_health" time="0.293" /><testcase classname="tests.backend_test" name="test_register_creates_user_and_cookies" time="0.432" /><testcase classname="tests.backend_test" name="test_register_duplicate_email_409" time="0.490" /><testcase classname="tests.backend_test" name="test_register_weak_password_422" time="0.109" /><testcase classname="tests.backend_test" name="test_login_seed_seller" time="0.363" /><testcase classname="tests.backend_test" name="test_login_wrong_password" time="0.370" /><testcase classname="tests.backend_test" name="test_brute_force_lockout" time="2.257" /><testcase classname="tests.backend_test" name="test_me_logout_refresh" time="1.196" /><testcase classname="tests.backend_test" name="test_search_returns_six_published" time="0.172" /><testcase classname="tests.backend_test" name="test_search_filter_by_category_footwear" time="0.118" /><testcase classname="tests.backend_test" name="test_search_sort_price_asc_desc" time="0.221" /><testcase classname="tests.backend_test" name="test_search_min_max_price" time="0.136" /><testcase classname="tests.backend_test" name="test_search_pagination" time="0.125" /><testcase classname="tests.backend_test" name="test_listing_detail_by_slug" time="0.172" /><testcase classname="tests.backend_test" name="test_listing_detail_unknown_404" time="0.111" /><testcase classname="tests.backend_test" name="test_incomplete_publish_returns_422" time="0.578" /><testcase classname="tests.backend_test" name="test_full_listing_lifecycle_and_ownership" time="1.376" /><testcase classname="tests.backend_test" name="test_taxonomy_categories" time="0.114" /><testcase classname="tests.backend_test" name="test_taxonomy_brands_meta" time="0.192" /><testcase classname="tests.test_offers" name="test_create_offer_success" time="0.925" /><testcase classname="tests.test_offers" name="test_create_offer_own_listing_422" time="0.528" /><testcase classname="tests.test_offers" name="test_create_offer_amount_must_be_positive" time="1.024" /><testcase classname="tests.test_offers" name="test_offers_disabled_returns_409" time="0.893" /><testcase classname="tests.test_offers" name="test_create_offer_unauthenticated_401" time="0.533" /><testcase classname="tests.test_offers" name="test_turn_model_counter_and_accept" time="1.165" /><testcase classname="tests.test_offers" name="test_acceptance_atomicity_blocks_other_offers" time="2.437" /><testcase classname="tests.test_offers" name="test_reject_then_cannot_accept" time="1.081" /><testcase classname="tests.test_offers" name="test_cancel_only_by_buyer" time="1.032" /><testcase classname="tests.test_offers" name="test_third_party_cannot_view_offer" time="1.233" /><testcase classname="tests.test_offers" name="test_offer_endpoints_require_auth" time="1.270" /><testcase classname="tests.test_offers" name="test_list_offers_by_box" time="1.059" /><testcase classname="tests.test_offers" name="test_list_offers_for_listing_owner_only" time="1.382" /><testcase classname="tests.test_orders.TestOrderDomain" name="test_state_machine_transitions_and_immutability" time="0.003" /><testcase classname="tests.test_orders.TestOrderDomain" name="test_cancel_only_from_awaiting_payment" time="0.000" /><testcase classname="tests.test_orders.TestOrderAutoCreation" name="test_order_auto_created_after_accept" time="1.626" /><testcase classname="tests.test_orders.TestOrderAutoCreation" name="test_listing_becomes_reserved_new_offer_409" time="2.122" /><testcase classname="tests.test_orders.TestOrderAutoCreation" name="test_one_order_per_offer_idempotent" time="2.770" /><testcase classname="tests.test_orders.TestOrderCancel" name="test_buyer_can_cancel_awaiting_payment" time="3.080" /><testcase classname="tests.test_orders.TestOrderCancel" name="test_seller_cannot_cancel_order" time="1.277" /><testcase classname="tests.test_orders.TestOrderCancel" name="test_cannot_cancel_twice" time="0.848" /><testcase classname="tests.test_orders.TestOrderAuthz" name="test_third_party_cannot_view_order" time="1.679" /><testcase classname="tests.test_orders.TestOrderAuthz" name="test_admin_can_view_order" time="2.311" /><testcase classname="tests.test_orders.TestOrderAuthz" name="test_order_endpoints_require_auth" time="0.370" /><testcase classname="tests.test_orders.TestOrderAuthz" name="test_no_public_post_to_create_order" time="0.407" /><testcase classname="tests.test_orders.TestAtomicOutbox" name="test_outbox_receives_events_and_pending_cleared" time="3.372" /><testcase classname="tests.test_orders.TestListingContractRefactor" name="test_seed_listing_detail_has_embedded_seller" time="0.240" /><testcase classname="tests.test_payments.TestPaymentDomain" name="test_valid_state_machine" time="0.001" /><testcase classname="tests.test_payments.TestPaymentDomain" name="test_invalid_transitions_raise" time="0.000" /><testcase classname="tests.test_payments.TestPaymentDomain" name="test_refund_only_from_auth_or_captured" time="0.000" /><testcase classname="tests.test_payments.TestPaymentDomain" name="test_schedule_release_noop_when_not_captured" time="0.000" /><testcase classname="tests.test_payments.TestPaymentDomain" name="test_is_release_due" time="0.000" /><testcase classname="tests.test_payments.TestProvider" name="test_liqpay_sign_and_verify_callback_roundtrip" time="0.034" /><testcase classname="tests.test_payments.TestProvider" name="test_liqpay_create_checkout_shape" time="0.000" /><testcase classname="tests.test_payments.TestProvider" name="test_sandbox_provider_auto_settle" time="0.000" /><testcase classname="tests.test_payments.TestProvider" name="test_build_provider_selects_sandbox_by_default" time="0.000" /><testcase classname="tests.test_payments.TestProvider" name="test_build_provider_liqpay_requires_keys" time="0.000" /><testcase classname="tests.test_payments.TestCheckoutAPI" name="test_checkout_captures_and_holds_escrow" time="2.180" /><testcase classname="tests.test_payments.TestCheckoutAPI" name="test_order_becomes_paid_via_event" time="2.678" /><testcase classname="tests.test_payments.TestCheckoutAPI" name="test_only_buyer_can_pay" time="1.624" /><testcase classname="tests.test_payments.TestCheckoutAPI" name="test_order_not_found" time="0.387" /><testcase classname="tests.test_payments.TestCheckoutAPI" name="test_idempotent_double_checkout" time="1.464" /><testcase classname="tests.test_payments.TestCheckoutAPI" name="test_pay_after_paid_returns_existing" time="2.618" /><testcase classname="tests.test_payments.TestEscrowService" name="test_schedule_release_and_release_due" time="1.164" /><testcase classname="tests.test_payments.TestEscrowService" name="test_sweeper_ignores_payments_without_release_at" time="1.194" /><testcase classname="tests.test_payments.TestEscrowService" name="test_refund_for_order_noop_without_captured_payment" time="1.642" /><testcase classname="tests.test_payments.TestEscrowService" name="test_refund_captured_payment" time="1.196" /><testcase classname="tests.test_payments.TestCancelChoreography" name="test_cancel_awaiting_payment_no_refund_needed" time="1.378" /></testsuite></testsuites>